2016-07-24 18:09:09 Initializing SimpleIMAPSSLRetriever:spikeandfaye@gmail.com@imap.gmail.com:993:
2016-07-24 18:09:10 msg  1/50 (1833 bytes) msgid 640720440/180 not retrieved (seen)
2016-07-24 18:09:10 msg  2/50 (1920 bytes) msgid 640720440/181 not retrieved (seen)
2016-07-24 18:09:10 msg  3/50 (1922 bytes) msgid 640720440/182 not retrieved (seen)
2016-07-24 18:09:10 msg  4/50 (1925 bytes) msgid 640720440/183 not retrieved (seen)
2016-07-24 18:09:10 msg  5/50 (1921 bytes) msgid 640720440/184 not retrieved (seen)
2016-07-24 18:09:10 msg  6/50 (1921 bytes) msgid 640720440/185 not retrieved (seen)
2016-07-24 18:09:10 msg  7/50 (1924 bytes) msgid 640720440/186 not retrieved (seen)
2016-07-24 18:09:10 msg  8/50 (1924 bytes) msgid 640720440/187 not retrieved (seen)
2016-07-24 18:09:10 msg  9/50 (56776 bytes) msgid 640720440/188 not retrieved (seen)
2016-07-24 18:09:10 msg 10/50 (1929 bytes) msgid 640720440/189 not retrieved (seen)
2016-07-24 18:09:10 msg 11/50 (1934 bytes) msgid 640720440/190 not retrieved (seen)
2016-07-24 18:09:10 msg 12/50 (43583 bytes) msgid 640720440/191 not retrieved (seen)
2016-07-24 18:09:10 msg 13/50 (1955 bytes) msgid 640720440/192 not retrieved (seen)
2016-07-24 18:09:10 msg 14/50 (1920 bytes) msgid 640720440/193 not retrieved (seen)
2016-07-24 18:09:10 msg 15/50 (1945 bytes) msgid 640720440/194 not retrieved (seen)
2016-07-24 18:09:10 msg 16/50 (1917 bytes) msgid 640720440/195 not retrieved (seen)
2016-07-24 18:09:10 msg 17/50 (1925 bytes) msgid 640720440/196 not retrieved (seen)
2016-07-24 18:09:10 msg 18/50 (56779 bytes) msgid 640720440/197 not retrieved (seen)
2016-07-24 18:09:10 msg 19/50 (1921 bytes) msgid 640720440/198 not retrieved (seen)
2016-07-24 18:09:10 msg 20/50 (1927 bytes) msgid 640720440/199 not retrieved (seen)
2016-07-24 18:09:10 msg 21/50 (1951 bytes) msgid 640720440/200 not retrieved (seen)
2016-07-24 18:09:10 msg 22/50 (1915 bytes) msgid 640720440/201 not retrieved (seen)
2016-07-24 18:09:10 msg 23/50 (1921 bytes) msgid 640720440/202 not retrieved (seen)
2016-07-24 18:09:10 msg 24/50 (56719 bytes) msgid 640720440/203 not retrieved (seen)
2016-07-24 18:09:10 msg 25/50 (29070 bytes) msgid 640720440/204 not retrieved (seen)
2016-07-24 18:09:10 msg 26/50 (5963 bytes) msgid 640720440/205 not retrieved (seen)
2016-07-24 18:09:10 msg 27/50 (5962 bytes) msgid 640720440/206 not retrieved (seen)
2016-07-24 18:09:10 msg 28/50 (6013 bytes) msgid 640720440/207 not retrieved (seen)
2016-07-24 18:09:10 msg 29/50 (6015 bytes) msgid 640720440/208 not retrieved (seen)
2016-07-24 18:09:10 msg 30/50 (1937 bytes) msgid 640720440/209 not retrieved (seen)
2016-07-24 18:09:10 msg 31/50 (1937 bytes) msgid 640720440/210 not retrieved (seen)
2016-07-24 18:09:10 msg 32/50 (1933 bytes) msgid 640720440/211 not retrieved (seen)
2016-07-24 18:09:10 msg 33/50 (7693 bytes) msgid 640720440/212 not retrieved (seen)
2016-07-24 18:09:10 msg 34/50 (16019 bytes) msgid 640720440/213 not retrieved (seen)
2016-07-24 18:09:10 msg 35/50 (1909 bytes) msgid 640720440/214 not retrieved (seen)
2016-07-24 18:09:10 msg 36/50 (16050 bytes) msgid 640720440/215 not retrieved (seen)
2016-07-24 18:09:10 msg 37/50 (16032 bytes) msgid 640720440/216 not retrieved (seen)
2016-07-24 18:09:10 msg 38/50 (1904 bytes) msgid 640720440/217 not retrieved (seen)
2016-07-24 18:09:10 msg 39/50 (56723 bytes) msgid 640720440/218 not retrieved (seen)
2016-07-24 18:09:10 msg 40/50 (1611 bytes) msgid 640720440/219 not retrieved (seen)
2016-07-24 18:09:10 msg 41/50 (2516 bytes) msgid 640720440/220 not retrieved (seen)
2016-07-24 18:09:10 msg 42/50 (27749 bytes) msgid 640720440/221 not retrieved (seen)
2016-07-24 18:09:10 msg 43/50 (1901 bytes) msgid 640720440/222 not retrieved (seen)
2016-07-24 18:09:10 msg 44/50 (1897 bytes) msgid 640720440/223 not retrieved (seen)
2016-07-24 18:09:10 msg 45/50 (1896 bytes) msgid 640720440/224 not retrieved (seen)
2016-07-24 18:09:10 msg 46/50 (1901 bytes) msgid 640720440/225 not retrieved (seen)
2016-07-24 18:09:10 msg 47/50 (1902 bytes) msgid 640720440/226 not retrieved (seen)
2016-07-24 18:09:10 msg 48/50 (1894 bytes) msgid 640720440/227 not retrieved (seen)
2016-07-24 18:09:10 msg 49/50 (1894 bytes) msgid 640720440/228 not retrieved (seen)
2016-07-24 18:09:10 msg 50/50 (13809 bytes) msgid 640720440/229 not retrieved (seen)
2016-07-24 18:09:10   0 messages (0 bytes) retrieved, 50 skipped
2016-07-24 18:12:20 Initializing SimpleIMAPSSLRetriever:spikeandfaye@gmail.com@imap.gmail.com:993:
2016-07-24 18:12:21 msg  1/50 (1833 bytes) msgid 640720440/180 not retrieved (seen)
2016-07-24 18:12:21 msg  2/50 (1920 bytes) msgid 640720440/181 not retrieved (seen)
2016-07-24 18:12:21 msg  3/50 (1922 bytes) msgid 640720440/182 not retrieved (seen)
2016-07-24 18:12:21 msg  4/50 (1925 bytes) msgid 640720440/183 not retrieved (seen)
2016-07-24 18:12:21 msg  5/50 (1921 bytes) msgid 640720440/184 not retrieved (seen)
2016-07-24 18:12:21 msg  6/50 (1921 bytes) msgid 640720440/185 not retrieved (seen)
2016-07-24 18:12:21 msg  7/50 (1924 bytes) msgid 640720440/186 not retrieved (seen)
2016-07-24 18:12:21 msg  8/50 (1924 bytes) msgid 640720440/187 not retrieved (seen)
2016-07-24 18:12:21 msg  9/50 (56776 bytes) msgid 640720440/188 not retrieved (seen)
2016-07-24 18:12:21 msg 10/50 (1929 bytes) msgid 640720440/189 not retrieved (seen)
2016-07-24 18:12:21 msg 11/50 (1934 bytes) msgid 640720440/190 not retrieved (seen)
2016-07-24 18:12:21 msg 12/50 (43583 bytes) msgid 640720440/191 not retrieved (seen)
2016-07-24 18:12:21 msg 13/50 (1955 bytes) msgid 640720440/192 not retrieved (seen)
2016-07-24 18:12:21 msg 14/50 (1920 bytes) msgid 640720440/193 not retrieved (seen)
2016-07-24 18:12:21 msg 15/50 (1945 bytes) msgid 640720440/194 not retrieved (seen)
2016-07-24 18:12:21 msg 16/50 (1917 bytes) msgid 640720440/195 not retrieved (seen)
2016-07-24 18:12:21 msg 17/50 (1925 bytes) msgid 640720440/196 not retrieved (seen)
2016-07-24 18:12:21 msg 18/50 (56779 bytes) msgid 640720440/197 not retrieved (seen)
2016-07-24 18:12:21 msg 19/50 (1921 bytes) msgid 640720440/198 not retrieved (seen)
2016-07-24 18:12:21 msg 20/50 (1927 bytes) msgid 640720440/199 not retrieved (seen)
2016-07-24 18:12:21 msg 21/50 (1951 bytes) msgid 640720440/200 not retrieved (seen)
2016-07-24 18:12:21 msg 22/50 (1915 bytes) msgid 640720440/201 not retrieved (seen)
2016-07-24 18:12:21 msg 23/50 (1921 bytes) msgid 640720440/202 not retrieved (seen)
2016-07-24 18:12:21 msg 24/50 (56719 bytes) msgid 640720440/203 not retrieved (seen)
2016-07-24 18:12:21 msg 25/50 (29070 bytes) msgid 640720440/204 not retrieved (seen)
2016-07-24 18:12:21 msg 26/50 (5963 bytes) msgid 640720440/205 not retrieved (seen)
2016-07-24 18:12:21 msg 27/50 (5962 bytes) msgid 640720440/206 not retrieved (seen)
2016-07-24 18:12:21 msg 28/50 (6013 bytes) msgid 640720440/207 not retrieved (seen)
2016-07-24 18:12:21 msg 29/50 (6015 bytes) msgid 640720440/208 not retrieved (seen)
2016-07-24 18:12:21 msg 30/50 (1937 bytes) msgid 640720440/209 not retrieved (seen)
2016-07-24 18:12:21 msg 31/50 (1937 bytes) msgid 640720440/210 not retrieved (seen)
2016-07-24 18:12:21 msg 32/50 (1933 bytes) msgid 640720440/211 not retrieved (seen)
2016-07-24 18:12:21 msg 33/50 (7693 bytes) msgid 640720440/212 not retrieved (seen)
2016-07-24 18:12:21 msg 34/50 (16019 bytes) msgid 640720440/213 not retrieved (seen)
2016-07-24 18:12:21 msg 35/50 (1909 bytes) msgid 640720440/214 not retrieved (seen)
2016-07-24 18:12:21 msg 36/50 (16050 bytes) msgid 640720440/215 not retrieved (seen)
2016-07-24 18:12:21 msg 37/50 (16032 bytes) msgid 640720440/216 not retrieved (seen)
2016-07-24 18:12:21 msg 38/50 (1904 bytes) msgid 640720440/217 not retrieved (seen)
2016-07-24 18:12:21 msg 39/50 (56723 bytes) msgid 640720440/218 not retrieved (seen)
2016-07-24 18:12:21 msg 40/50 (1611 bytes) msgid 640720440/219 not retrieved (seen)
2016-07-24 18:12:21 msg 41/50 (2516 bytes) msgid 640720440/220 not retrieved (seen)
2016-07-24 18:12:21 msg 42/50 (27749 bytes) msgid 640720440/221 not retrieved (seen)
2016-07-24 18:12:21 msg 43/50 (1901 bytes) msgid 640720440/222 not retrieved (seen)
2016-07-24 18:12:21 msg 44/50 (1897 bytes) msgid 640720440/223 not retrieved (seen)
2016-07-24 18:12:21 msg 45/50 (1896 bytes) msgid 640720440/224 not retrieved (seen)
2016-07-24 18:12:21 msg 46/50 (1901 bytes) msgid 640720440/225 not retrieved (seen)
2016-07-24 18:12:21 msg 47/50 (1902 bytes) msgid 640720440/226 not retrieved (seen)
2016-07-24 18:12:21 msg 48/50 (1894 bytes) msgid 640720440/227 not retrieved (seen)
2016-07-24 18:12:21 msg 49/50 (1894 bytes) msgid 640720440/228 not retrieved (seen)
2016-07-24 18:12:21 msg 50/50 (13809 bytes) msgid 640720440/229 not retrieved (seen)
2016-07-24 18:12:21   0 messages (0 bytes) retrieved, 50 skipped
2016-07-24 18:13:41 Initializing SimpleIMAPSSLRetriever:spikeandfaye@gmail.com@imap.gmail.com:993:
2016-07-24 18:13:43 msg  1/50 (1833 bytes) msgid 640720440/180 not retrieved (seen)
2016-07-24 18:13:43 msg  2/50 (1920 bytes) msgid 640720440/181 not retrieved (seen)
2016-07-24 18:13:43 msg  3/50 (1922 bytes) msgid 640720440/182 not retrieved (seen)
2016-07-24 18:13:43 msg  4/50 (1925 bytes) msgid 640720440/183 not retrieved (seen)
2016-07-24 18:13:43 msg  5/50 (1921 bytes) msgid 640720440/184 not retrieved (seen)
2016-07-24 18:13:43 msg  6/50 (1921 bytes) msgid 640720440/185 not retrieved (seen)
2016-07-24 18:13:43 msg  7/50 (1924 bytes) msgid 640720440/186 not retrieved (seen)
2016-07-24 18:13:43 msg  8/50 (1924 bytes) msgid 640720440/187 not retrieved (seen)
2016-07-24 18:13:43 msg  9/50 (56776 bytes) msgid 640720440/188 not retrieved (seen)
2016-07-24 18:13:43 msg 10/50 (1929 bytes) msgid 640720440/189 not retrieved (seen)
2016-07-24 18:13:43 msg 11/50 (1934 bytes) msgid 640720440/190 not retrieved (seen)
2016-07-24 18:13:43 msg 12/50 (43583 bytes) msgid 640720440/191 not retrieved (seen)
2016-07-24 18:13:43 msg 13/50 (1955 bytes) msgid 640720440/192 not retrieved (seen)
2016-07-24 18:13:43 msg 14/50 (1920 bytes) msgid 640720440/193 not retrieved (seen)
2016-07-24 18:13:43 msg 15/50 (1945 bytes) msgid 640720440/194 not retrieved (seen)
2016-07-24 18:13:43 msg 16/50 (1917 bytes) msgid 640720440/195 not retrieved (seen)
2016-07-24 18:13:43 msg 17/50 (1925 bytes) msgid 640720440/196 not retrieved (seen)
2016-07-24 18:13:43 msg 18/50 (56779 bytes) msgid 640720440/197 not retrieved (seen)
2016-07-24 18:13:43 msg 19/50 (1921 bytes) msgid 640720440/198 not retrieved (seen)
2016-07-24 18:13:43 msg 20/50 (1927 bytes) msgid 640720440/199 not retrieved (seen)
2016-07-24 18:13:43 msg 21/50 (1951 bytes) msgid 640720440/200 not retrieved (seen)
2016-07-24 18:13:43 msg 22/50 (1915 bytes) msgid 640720440/201 not retrieved (seen)
2016-07-24 18:13:43 msg 23/50 (1921 bytes) msgid 640720440/202 not retrieved (seen)
2016-07-24 18:13:43 msg 24/50 (56719 bytes) msgid 640720440/203 not retrieved (seen)
2016-07-24 18:13:43 msg 25/50 (29070 bytes) msgid 640720440/204 not retrieved (seen)
2016-07-24 18:13:43 msg 26/50 (5963 bytes) msgid 640720440/205 not retrieved (seen)
2016-07-24 18:13:43 msg 27/50 (5962 bytes) msgid 640720440/206 not retrieved (seen)
2016-07-24 18:13:43 msg 28/50 (6013 bytes) msgid 640720440/207 not retrieved (seen)
2016-07-24 18:13:43 msg 29/50 (6015 bytes) msgid 640720440/208 not retrieved (seen)
2016-07-24 18:13:43 msg 30/50 (1937 bytes) msgid 640720440/209 not retrieved (seen)
2016-07-24 18:13:43 msg 31/50 (1937 bytes) msgid 640720440/210 not retrieved (seen)
2016-07-24 18:13:43 msg 32/50 (1933 bytes) msgid 640720440/211 not retrieved (seen)
2016-07-24 18:13:43 msg 33/50 (7693 bytes) msgid 640720440/212 not retrieved (seen)
2016-07-24 18:13:43 msg 34/50 (16019 bytes) msgid 640720440/213 not retrieved (seen)
2016-07-24 18:13:43 msg 35/50 (1909 bytes) msgid 640720440/214 not retrieved (seen)
2016-07-24 18:13:43 msg 36/50 (16050 bytes) msgid 640720440/215 not retrieved (seen)
2016-07-24 18:13:43 msg 37/50 (16032 bytes) msgid 640720440/216 not retrieved (seen)
2016-07-24 18:13:43 msg 38/50 (1904 bytes) msgid 640720440/217 not retrieved (seen)
2016-07-24 18:13:43 msg 39/50 (56723 bytes) msgid 640720440/218 not retrieved (seen)
2016-07-24 18:13:43 msg 40/50 (1611 bytes) msgid 640720440/219 not retrieved (seen)
2016-07-24 18:13:43 msg 41/50 (2516 bytes) msgid 640720440/220 not retrieved (seen)
2016-07-24 18:13:43 msg 42/50 (27749 bytes) msgid 640720440/221 not retrieved (seen)
2016-07-24 18:13:43 msg 43/50 (1901 bytes) msgid 640720440/222 not retrieved (seen)
2016-07-24 18:13:43 msg 44/50 (1897 bytes) msgid 640720440/223 not retrieved (seen)
2016-07-24 18:13:43 msg 45/50 (1896 bytes) msgid 640720440/224 not retrieved (seen)
2016-07-24 18:13:43 msg 46/50 (1901 bytes) msgid 640720440/225 not retrieved (seen)
2016-07-24 18:13:43 msg 47/50 (1902 bytes) msgid 640720440/226 not retrieved (seen)
2016-07-24 18:13:43 msg 48/50 (1894 bytes) msgid 640720440/227 not retrieved (seen)
2016-07-24 18:13:43 msg 49/50 (1894 bytes) msgid 640720440/228 not retrieved (seen)
2016-07-24 18:13:43 msg 50/50 (13809 bytes) msgid 640720440/229 not retrieved (seen)
2016-07-24 18:13:44   0 messages (0 bytes) retrieved, 50 skipped
2016-07-24 18:15:03 Initializing SimpleIMAPSSLRetriever:spikeandfaye@gmail.com@imap.gmail.com:993:
2016-07-24 18:15:05   0 messages (0 bytes) retrieved, 0 skipped
2016-07-24 18:16:36 Initializing SimpleIMAPSSLRetriever:spikeandfaye@gmail.com@imap.gmail.com:993:
2016-07-24 18:16:38 msg  1/50 (1833 bytes) msgid 640720440/180 not retrieved (seen)
2016-07-24 18:16:38 msg  2/50 (1920 bytes) msgid 640720440/181 not retrieved (seen)
2016-07-24 18:16:38 msg  3/50 (1922 bytes) msgid 640720440/182 not retrieved (seen)
2016-07-24 18:16:38 msg  4/50 (1925 bytes) msgid 640720440/183 not retrieved (seen)
2016-07-24 18:16:38 msg  5/50 (1921 bytes) msgid 640720440/184 not retrieved (seen)
2016-07-24 18:16:38 msg  6/50 (1921 bytes) msgid 640720440/185 not retrieved (seen)
2016-07-24 18:16:38 msg  7/50 (1924 bytes) msgid 640720440/186 not retrieved (seen)
2016-07-24 18:16:38 msg  8/50 (1924 bytes) msgid 640720440/187 not retrieved (seen)
2016-07-24 18:16:38 msg  9/50 (56776 bytes) msgid 640720440/188 not retrieved (seen)
2016-07-24 18:16:38 msg 10/50 (1929 bytes) msgid 640720440/189 not retrieved (seen)
2016-07-24 18:16:38 msg 11/50 (1934 bytes) msgid 640720440/190 not retrieved (seen)
2016-07-24 18:16:38 msg 12/50 (43583 bytes) msgid 640720440/191 not retrieved (seen)
2016-07-24 18:16:38 msg 13/50 (1955 bytes) msgid 640720440/192 not retrieved (seen)
2016-07-24 18:16:38 msg 14/50 (1920 bytes) msgid 640720440/193 not retrieved (seen)
2016-07-24 18:16:38 msg 15/50 (1945 bytes) msgid 640720440/194 not retrieved (seen)
2016-07-24 18:16:38 msg 16/50 (1917 bytes) msgid 640720440/195 not retrieved (seen)
2016-07-24 18:16:38 msg 17/50 (1925 bytes) msgid 640720440/196 not retrieved (seen)
2016-07-24 18:16:38 msg 18/50 (56779 bytes) msgid 640720440/197 not retrieved (seen)
2016-07-24 18:16:38 msg 19/50 (1921 bytes) msgid 640720440/198 not retrieved (seen)
2016-07-24 18:16:38 msg 20/50 (1927 bytes) msgid 640720440/199 not retrieved (seen)
2016-07-24 18:16:38 msg 21/50 (1951 bytes) msgid 640720440/200 not retrieved (seen)
2016-07-24 18:16:38 msg 22/50 (1915 bytes) msgid 640720440/201 not retrieved (seen)
2016-07-24 18:16:38 msg 23/50 (1921 bytes) msgid 640720440/202 not retrieved (seen)
2016-07-24 18:16:38 msg 24/50 (56719 bytes) msgid 640720440/203 not retrieved (seen)
2016-07-24 18:16:38 msg 25/50 (29070 bytes) msgid 640720440/204 not retrieved (seen)
2016-07-24 18:16:38 msg 26/50 (5963 bytes) msgid 640720440/205 not retrieved (seen)
2016-07-24 18:16:38 msg 27/50 (5962 bytes) msgid 640720440/206 not retrieved (seen)
2016-07-24 18:16:38 msg 28/50 (6013 bytes) msgid 640720440/207 not retrieved (seen)
2016-07-24 18:16:38 msg 29/50 (6015 bytes) msgid 640720440/208 not retrieved (seen)
2016-07-24 18:16:38 msg 30/50 (1937 bytes) msgid 640720440/209 not retrieved (seen)
2016-07-24 18:16:38 msg 31/50 (1937 bytes) msgid 640720440/210 not retrieved (seen)
2016-07-24 18:16:38 msg 32/50 (1933 bytes) msgid 640720440/211 not retrieved (seen)
2016-07-24 18:16:38 msg 33/50 (7693 bytes) msgid 640720440/212 not retrieved (seen)
2016-07-24 18:16:38 msg 34/50 (16019 bytes) msgid 640720440/213 not retrieved (seen)
2016-07-24 18:16:38 msg 35/50 (1909 bytes) msgid 640720440/214 not retrieved (seen)
2016-07-24 18:16:38 msg 36/50 (16050 bytes) msgid 640720440/215 not retrieved (seen)
2016-07-24 18:16:38 msg 37/50 (16032 bytes) msgid 640720440/216 not retrieved (seen)
2016-07-24 18:16:38 msg 38/50 (1904 bytes) msgid 640720440/217 not retrieved (seen)
2016-07-24 18:16:38 msg 39/50 (56723 bytes) msgid 640720440/218 not retrieved (seen)
2016-07-24 18:16:38 msg 40/50 (1611 bytes) msgid 640720440/219 not retrieved (seen)
2016-07-24 18:16:38 msg 41/50 (2516 bytes) msgid 640720440/220 not retrieved (seen)
2016-07-24 18:16:38 msg 42/50 (27749 bytes) msgid 640720440/221 not retrieved (seen)
2016-07-24 18:16:38 msg 43/50 (1901 bytes) msgid 640720440/222 not retrieved (seen)
2016-07-24 18:16:38 msg 44/50 (1897 bytes) msgid 640720440/223 not retrieved (seen)
2016-07-24 18:16:38 msg 45/50 (1896 bytes) msgid 640720440/224 not retrieved (seen)
2016-07-24 18:16:38 msg 46/50 (1901 bytes) msgid 640720440/225 not retrieved (seen)
2016-07-24 18:16:38 msg 47/50 (1902 bytes) msgid 640720440/226 not retrieved (seen)
2016-07-24 18:16:38 msg 48/50 (1894 bytes) msgid 640720440/227 not retrieved (seen)
2016-07-24 18:16:38 msg 49/50 (1894 bytes) msgid 640720440/228 not retrieved (seen)
2016-07-24 18:16:38 msg 50/50 (13809 bytes) msgid 640720440/229 not retrieved (seen)
2016-07-24 18:16:38   0 messages (0 bytes) retrieved, 50 skipped
2016-07-24 18:23:10 Initializing SimpleIMAPSSLRetriever:spikeandfaye@gmail.com@imap.gmail.com:993:
2016-07-24 18:23:11 msg  1/50 (1833 bytes) msgid 640720440/180 not retrieved (seen)
2016-07-24 18:23:11 msg  2/50 (1920 bytes) msgid 640720440/181 not retrieved (seen)
2016-07-24 18:23:11 msg  3/50 (1922 bytes) msgid 640720440/182 not retrieved (seen)
2016-07-24 18:23:11 msg  4/50 (1925 bytes) msgid 640720440/183 not retrieved (seen)
2016-07-24 18:23:11 msg  5/50 (1921 bytes) msgid 640720440/184 not retrieved (seen)
2016-07-24 18:23:11 msg  6/50 (1921 bytes) msgid 640720440/185 not retrieved (seen)
2016-07-24 18:23:11 msg  7/50 (1924 bytes) msgid 640720440/186 not retrieved (seen)
2016-07-24 18:23:11 msg  8/50 (1924 bytes) msgid 640720440/187 not retrieved (seen)
2016-07-24 18:23:11 msg  9/50 (56776 bytes) msgid 640720440/188 not retrieved (seen)
2016-07-24 18:23:11 msg 10/50 (1929 bytes) msgid 640720440/189 not retrieved (seen)
2016-07-24 18:23:11 msg 11/50 (1934 bytes) msgid 640720440/190 not retrieved (seen)
2016-07-24 18:23:11 msg 12/50 (43583 bytes) msgid 640720440/191 not retrieved (seen)
2016-07-24 18:23:11 msg 13/50 (1955 bytes) msgid 640720440/192 not retrieved (seen)
2016-07-24 18:23:11 msg 14/50 (1920 bytes) msgid 640720440/193 not retrieved (seen)
2016-07-24 18:23:11 msg 15/50 (1945 bytes) msgid 640720440/194 not retrieved (seen)
2016-07-24 18:23:11 msg 16/50 (1917 bytes) msgid 640720440/195 not retrieved (seen)
2016-07-24 18:23:11 msg 17/50 (1925 bytes) msgid 640720440/196 not retrieved (seen)
2016-07-24 18:23:11 msg 18/50 (56779 bytes) msgid 640720440/197 not retrieved (seen)
2016-07-24 18:23:11 msg 19/50 (1921 bytes) msgid 640720440/198 not retrieved (seen)
2016-07-24 18:23:11 msg 20/50 (1927 bytes) msgid 640720440/199 not retrieved (seen)
2016-07-24 18:23:11 msg 21/50 (1951 bytes) msgid 640720440/200 not retrieved (seen)
2016-07-24 18:23:11 msg 22/50 (1915 bytes) msgid 640720440/201 not retrieved (seen)
2016-07-24 18:23:11 msg 23/50 (1921 bytes) msgid 640720440/202 not retrieved (seen)
2016-07-24 18:23:11 msg 24/50 (56719 bytes) msgid 640720440/203 not retrieved (seen)
2016-07-24 18:23:11 msg 25/50 (29070 bytes) msgid 640720440/204 not retrieved (seen)
2016-07-24 18:23:11 msg 26/50 (5963 bytes) msgid 640720440/205 not retrieved (seen)
2016-07-24 18:23:11 msg 27/50 (5962 bytes) msgid 640720440/206 not retrieved (seen)
2016-07-24 18:23:11 msg 28/50 (6013 bytes) msgid 640720440/207 not retrieved (seen)
2016-07-24 18:23:11 msg 29/50 (6015 bytes) msgid 640720440/208 not retrieved (seen)
2016-07-24 18:23:11 msg 30/50 (1937 bytes) msgid 640720440/209 not retrieved (seen)
2016-07-24 18:23:11 msg 31/50 (1937 bytes) msgid 640720440/210 not retrieved (seen)
2016-07-24 18:23:11 msg 32/50 (1933 bytes) msgid 640720440/211 not retrieved (seen)
2016-07-24 18:23:11 msg 33/50 (7693 bytes) msgid 640720440/212 not retrieved (seen)
2016-07-24 18:23:11 msg 34/50 (16019 bytes) msgid 640720440/213 not retrieved (seen)
2016-07-24 18:23:11 msg 35/50 (1909 bytes) msgid 640720440/214 not retrieved (seen)
2016-07-24 18:23:11 msg 36/50 (16050 bytes) msgid 640720440/215 not retrieved (seen)
2016-07-24 18:23:11 msg 37/50 (16032 bytes) msgid 640720440/216 not retrieved (seen)
2016-07-24 18:23:11 msg 38/50 (1904 bytes) msgid 640720440/217 not retrieved (seen)
2016-07-24 18:23:11 msg 39/50 (56723 bytes) msgid 640720440/218 not retrieved (seen)
2016-07-24 18:23:11 msg 40/50 (1611 bytes) msgid 640720440/219 not retrieved (seen)
2016-07-24 18:23:11 msg 41/50 (2516 bytes) msgid 640720440/220 not retrieved (seen)
2016-07-24 18:23:11 msg 42/50 (27749 bytes) msgid 640720440/221 not retrieved (seen)
2016-07-24 18:23:11 msg 43/50 (1901 bytes) msgid 640720440/222 not retrieved (seen)
2016-07-24 18:23:11 msg 44/50 (1897 bytes) msgid 640720440/223 not retrieved (seen)
2016-07-24 18:23:11 msg 45/50 (1896 bytes) msgid 640720440/224 not retrieved (seen)
2016-07-24 18:23:11 msg 46/50 (1901 bytes) msgid 640720440/225 not retrieved (seen)
2016-07-24 18:23:11 msg 47/50 (1902 bytes) msgid 640720440/226 not retrieved (seen)
2016-07-24 18:23:11 msg 48/50 (1894 bytes) msgid 640720440/227 not retrieved (seen)
2016-07-24 18:23:11 msg 49/50 (1894 bytes) msgid 640720440/228 not retrieved (seen)
2016-07-24 18:23:11 msg 50/50 (13809 bytes) msgid 640720440/229 not retrieved (seen)
2016-07-24 18:23:11   0 messages (0 bytes) retrieved, 50 skipped
2016-07-24 18:43:50 Initializing SimpleIMAPSSLRetriever:spikeandfaye@gmail.com@imap.gmail.com:993:
2016-07-24 18:43:51 msg  1/51 (1833 bytes) msgid 640720440/180 not retrieved (seen)
2016-07-24 18:43:51 msg  2/51 (1920 bytes) msgid 640720440/181 not retrieved (seen)
2016-07-24 18:43:51 msg  3/51 (1922 bytes) msgid 640720440/182 not retrieved (seen)
2016-07-24 18:43:51 msg  4/51 (1925 bytes) msgid 640720440/183 not retrieved (seen)
2016-07-24 18:43:51 msg  5/51 (1921 bytes) msgid 640720440/184 not retrieved (seen)
2016-07-24 18:43:51 msg  6/51 (1921 bytes) msgid 640720440/185 not retrieved (seen)
2016-07-24 18:43:51 msg  7/51 (1924 bytes) msgid 640720440/186 not retrieved (seen)
2016-07-24 18:43:51 msg  8/51 (1924 bytes) msgid 640720440/187 not retrieved (seen)
2016-07-24 18:43:51 msg  9/51 (56776 bytes) msgid 640720440/188 not retrieved (seen)
2016-07-24 18:43:51 msg 10/51 (1929 bytes) msgid 640720440/189 not retrieved (seen)
2016-07-24 18:43:51 msg 11/51 (1934 bytes) msgid 640720440/190 not retrieved (seen)
2016-07-24 18:43:51 msg 12/51 (43583 bytes) msgid 640720440/191 not retrieved (seen)
2016-07-24 18:43:51 msg 13/51 (1955 bytes) msgid 640720440/192 not retrieved (seen)
2016-07-24 18:43:51 msg 14/51 (1920 bytes) msgid 640720440/193 not retrieved (seen)
2016-07-24 18:43:51 msg 15/51 (1945 bytes) msgid 640720440/194 not retrieved (seen)
2016-07-24 18:43:51 msg 16/51 (1917 bytes) msgid 640720440/195 not retrieved (seen)
2016-07-24 18:43:51 msg 17/51 (1925 bytes) msgid 640720440/196 not retrieved (seen)
2016-07-24 18:43:51 msg 18/51 (56779 bytes) msgid 640720440/197 not retrieved (seen)
2016-07-24 18:43:51 msg 19/51 (1921 bytes) msgid 640720440/198 not retrieved (seen)
2016-07-24 18:43:51 msg 20/51 (1927 bytes) msgid 640720440/199 not retrieved (seen)
2016-07-24 18:43:51 msg 21/51 (1951 bytes) msgid 640720440/200 not retrieved (seen)
2016-07-24 18:43:51 msg 22/51 (1915 bytes) msgid 640720440/201 not retrieved (seen)
2016-07-24 18:43:51 msg 23/51 (1921 bytes) msgid 640720440/202 not retrieved (seen)
2016-07-24 18:43:51 msg 24/51 (56719 bytes) msgid 640720440/203 not retrieved (seen)
2016-07-24 18:43:51 msg 25/51 (29070 bytes) msgid 640720440/204 not retrieved (seen)
2016-07-24 18:43:51 msg 26/51 (5963 bytes) msgid 640720440/205 not retrieved (seen)
2016-07-24 18:43:51 msg 27/51 (5962 bytes) msgid 640720440/206 not retrieved (seen)
2016-07-24 18:43:51 msg 28/51 (6013 bytes) msgid 640720440/207 not retrieved (seen)
2016-07-24 18:43:51 msg 29/51 (6015 bytes) msgid 640720440/208 not retrieved (seen)
2016-07-24 18:43:51 msg 30/51 (1937 bytes) msgid 640720440/209 not retrieved (seen)
2016-07-24 18:43:51 msg 31/51 (1937 bytes) msgid 640720440/210 not retrieved (seen)
2016-07-24 18:43:51 msg 32/51 (1933 bytes) msgid 640720440/211 not retrieved (seen)
2016-07-24 18:43:51 msg 33/51 (7693 bytes) msgid 640720440/212 not retrieved (seen)
2016-07-24 18:43:51 msg 34/51 (16019 bytes) msgid 640720440/213 not retrieved (seen)
2016-07-24 18:43:51 msg 35/51 (1909 bytes) msgid 640720440/214 not retrieved (seen)
2016-07-24 18:43:51 msg 36/51 (16050 bytes) msgid 640720440/215 not retrieved (seen)
2016-07-24 18:43:51 msg 37/51 (16032 bytes) msgid 640720440/216 not retrieved (seen)
2016-07-24 18:43:51 msg 38/51 (1904 bytes) msgid 640720440/217 not retrieved (seen)
2016-07-24 18:43:51 msg 39/51 (56723 bytes) msgid 640720440/218 not retrieved (seen)
2016-07-24 18:43:51 msg 40/51 (1611 bytes) msgid 640720440/219 not retrieved (seen)
2016-07-24 18:43:51 msg 41/51 (2516 bytes) msgid 640720440/220 not retrieved (seen)
2016-07-24 18:43:51 msg 42/51 (27749 bytes) msgid 640720440/221 not retrieved (seen)
2016-07-24 18:43:51 msg 43/51 (1901 bytes) msgid 640720440/222 not retrieved (seen)
2016-07-24 18:43:51 msg 44/51 (1897 bytes) msgid 640720440/223 not retrieved (seen)
2016-07-24 18:43:51 msg 45/51 (1896 bytes) msgid 640720440/224 not retrieved (seen)
2016-07-24 18:43:51 msg 46/51 (1901 bytes) msgid 640720440/225 not retrieved (seen)
2016-07-24 18:43:51 msg 47/51 (1902 bytes) msgid 640720440/226 not retrieved (seen)
2016-07-24 18:43:51 msg 48/51 (1894 bytes) msgid 640720440/227 not retrieved (seen)
2016-07-24 18:43:51 msg 49/51 (1894 bytes) msgid 640720440/228 not retrieved (seen)
2016-07-24 18:43:51 msg 50/51 (13809 bytes) msgid 640720440/229 not retrieved (seen)
2016-07-24 18:43:52 msg 51/51 (1656 bytes) msgid 640720440/230 from <laurent.valeyre@wanadoo.fr> delivered to MDA_external command deliver ()
2016-07-24 18:43:52   1 messages (1656 bytes) retrieved, 50 skipped
2016-07-24 18:43:56 Initializing SimpleIMAPSSLRetriever:spikeandfaye@gmail.com@imap.gmail.com:993:
2016-07-24 18:44:01 msg  1/51 (1833 bytes) msgid 640720440/180 not retrieved (seen)
2016-07-24 18:44:01 msg  2/51 (1920 bytes) msgid 640720440/181 not retrieved (seen)
2016-07-24 18:44:01 msg  3/51 (1922 bytes) msgid 640720440/182 not retrieved (seen)
2016-07-24 18:44:01 msg  4/51 (1925 bytes) msgid 640720440/183 not retrieved (seen)
2016-07-24 18:44:01 msg  5/51 (1921 bytes) msgid 640720440/184 not retrieved (seen)
2016-07-24 18:44:01 msg  6/51 (1921 bytes) msgid 640720440/185 not retrieved (seen)
2016-07-24 18:44:01 msg  7/51 (1924 bytes) msgid 640720440/186 not retrieved (seen)
2016-07-24 18:44:01 msg  8/51 (1924 bytes) msgid 640720440/187 not retrieved (seen)
2016-07-24 18:44:01 msg  9/51 (56776 bytes) msgid 640720440/188 not retrieved (seen)
2016-07-24 18:44:01 msg 10/51 (1929 bytes) msgid 640720440/189 not retrieved (seen)
2016-07-24 18:44:01 msg 11/51 (1934 bytes) msgid 640720440/190 not retrieved (seen)
2016-07-24 18:44:01 msg 12/51 (43583 bytes) msgid 640720440/191 not retrieved (seen)
2016-07-24 18:44:01 msg 13/51 (1955 bytes) msgid 640720440/192 not retrieved (seen)
2016-07-24 18:44:01 msg 14/51 (1920 bytes) msgid 640720440/193 not retrieved (seen)
2016-07-24 18:44:01 msg 15/51 (1945 bytes) msgid 640720440/194 not retrieved (seen)
2016-07-24 18:44:01 msg 16/51 (1917 bytes) msgid 640720440/195 not retrieved (seen)
2016-07-24 18:44:01 msg 17/51 (1925 bytes) msgid 640720440/196 not retrieved (seen)
2016-07-24 18:44:01 msg 18/51 (56779 bytes) msgid 640720440/197 not retrieved (seen)
2016-07-24 18:44:01 msg 19/51 (1921 bytes) msgid 640720440/198 not retrieved (seen)
2016-07-24 18:44:01 msg 20/51 (1927 bytes) msgid 640720440/199 not retrieved (seen)
2016-07-24 18:44:01 msg 21/51 (1951 bytes) msgid 640720440/200 not retrieved (seen)
2016-07-24 18:44:01 msg 22/51 (1915 bytes) msgid 640720440/201 not retrieved (seen)
2016-07-24 18:44:01 msg 23/51 (1921 bytes) msgid 640720440/202 not retrieved (seen)
2016-07-24 18:44:01 msg 24/51 (56719 bytes) msgid 640720440/203 not retrieved (seen)
2016-07-24 18:44:01 msg 25/51 (29070 bytes) msgid 640720440/204 not retrieved (seen)
2016-07-24 18:44:01 msg 26/51 (5963 bytes) msgid 640720440/205 not retrieved (seen)
2016-07-24 18:44:01 msg 27/51 (5962 bytes) msgid 640720440/206 not retrieved (seen)
2016-07-24 18:44:01 msg 28/51 (6013 bytes) msgid 640720440/207 not retrieved (seen)
2016-07-24 18:44:01 msg 29/51 (6015 bytes) msgid 640720440/208 not retrieved (seen)
2016-07-24 18:44:01 msg 30/51 (1937 bytes) msgid 640720440/209 not retrieved (seen)
2016-07-24 18:44:01 msg 31/51 (1937 bytes) msgid 640720440/210 not retrieved (seen)
2016-07-24 18:44:01 msg 32/51 (1933 bytes) msgid 640720440/211 not retrieved (seen)
2016-07-24 18:44:01 msg 33/51 (7693 bytes) msgid 640720440/212 not retrieved (seen)
2016-07-24 18:44:01 msg 34/51 (16019 bytes) msgid 640720440/213 not retrieved (seen)
2016-07-24 18:44:01 msg 35/51 (1909 bytes) msgid 640720440/214 not retrieved (seen)
2016-07-24 18:44:01 msg 36/51 (16050 bytes) msgid 640720440/215 not retrieved (seen)
2016-07-24 18:44:01 msg 37/51 (16032 bytes) msgid 640720440/216 not retrieved (seen)
2016-07-24 18:44:01 msg 38/51 (1904 bytes) msgid 640720440/217 not retrieved (seen)
2016-07-24 18:44:01 msg 39/51 (56723 bytes) msgid 640720440/218 not retrieved (seen)
2016-07-24 18:44:01 msg 40/51 (1611 bytes) msgid 640720440/219 not retrieved (seen)
2016-07-24 18:44:01 msg 41/51 (2516 bytes) msgid 640720440/220 not retrieved (seen)
2016-07-24 18:44:01 msg 42/51 (27749 bytes) msgid 640720440/221 not retrieved (seen)
2016-07-24 18:44:01 msg 43/51 (1901 bytes) msgid 640720440/222 not retrieved (seen)
2016-07-24 18:44:01 msg 44/51 (1897 bytes) msgid 640720440/223 not retrieved (seen)
2016-07-24 18:44:01 msg 45/51 (1896 bytes) msgid 640720440/224 not retrieved (seen)
2016-07-24 18:44:01 msg 46/51 (1901 bytes) msgid 640720440/225 not retrieved (seen)
2016-07-24 18:44:01 msg 47/51 (1902 bytes) msgid 640720440/226 not retrieved (seen)
2016-07-24 18:44:01 msg 48/51 (1894 bytes) msgid 640720440/227 not retrieved (seen)
2016-07-24 18:44:01 msg 49/51 (1894 bytes) msgid 640720440/228 not retrieved (seen)
2016-07-24 18:44:01 msg 50/51 (13809 bytes) msgid 640720440/229 not retrieved (seen)
2016-07-24 18:44:01 msg 51/51 (1656 bytes) msgid 640720440/230 not retrieved (seen)
2016-07-24 18:44:01   0 messages (0 bytes) retrieved, 51 skipped
